# JRE version: Java(TM) SE Runtime Environment (9.0+11) (build 9.0.4+11)
# Java VM: Java HotSpot(TM) 64-Bit Server VM (9.0.4+11, mixed mode, tiered, compressed oops, g1 gc, windows-amd64)
Heap:
 garbage-first heap   total 233472K, used 145304K [0x0000000700000000, 0x0000000700100720, 0x00000007c0000000)
  region size 1024K, 58 young (59392K), 1 survivors (1024K)
 Metaspace       used 86364K, capacity 93313K, committed 93568K, reserved 1130496K
  class space    used 11621K, capacity 12831K, committed 12928K, reserved 1048576K
GC Heap History (10 events):
Event: 1017.399 GC heap before
{Heap before GC invocations=273 (full 26):
 garbage-first heap   total 233472K, used 148886K [0x0000000700000000, 0x0000000700100720, 0x00000007c0000000)
  region size 1024K, 60 young (61440K), 1 survivors (1024K)
 Metaspace       used 86322K, capacity 93249K, committed 93568K, reserved 1130496K
  class space    used 11621K, capacity 12831K, committed 12928K, reserved 1048576K
}
Event: 1017.402 GC heap after
{Heap after GC invocations=274 (full 26):
 garbage-first heap   total 233472K, used 88437K [0x0000000700000000, 0x0000000700100720, 0x00000007c0000000)
  region size 1024K, 1 young (1024K), 1 survivors (1024K)
 Metaspace       used 86322K, capacity 93249K, committed 93568K, reserved 1130496K
  class space    used 11621K, capacity 12831K, committed 12928K, reserved 1048576K
}
Event: 1022.429 GC heap before
{Heap before GC invocations=274 (full 26):
 garbage-first heap   total 233472K, used 148853K [0x0000000700000000, 0x0000000700100720, 0x00000007c0000000)
  region size 1024K, 60 young (61440K), 1 survivors (1024K)
 Metaspace       used 86338K, capacity 93313K, committed 93568K, reserved 1130496K
  class space    used 11621K, capacity 12831K, committed 12928K, reserved 1048576K
}
Event: 1022.431 GC heap after
{Heap after GC invocations=275 (full 26):
 garbage-first heap   total 233472K, used 88662K [0x0000000700000000, 0x0000000700100720, 0x00000007c0000000)
  region size 1024K, 1 young (1024K), 1 survivors (1024K)
 Metaspace       used 86338K, capacity 93313K, committed 93568K, reserved 1130496K
  class space    used 11621K, capacity 12831K, committed 12928K, reserved 1048576K
}
Event: 1026.910 GC heap before
{Heap before GC invocations=275 (full 26):
 garbage-first heap   total 233472K, used 139862K [0x0000000700000000, 0x0000000700100720, 0x00000007c0000000)
  region size 1024K, 52 young (53248K), 1 survivors (1024K)
 Metaspace       used 86339K, capacity 93313K, committed 93568K, reserved 1130496K
  class space    used 11621K, capacity 12831K, committed 12928K, reserved 1048576K
}
Event: 1027.048 GC heap after
{Heap after GC invocations=276 (full 27):
 garbage-first heap   total 233472K, used 87616K [0x0000000700000000, 0x0000000700100720, 0x00000007c0000000)
  region size 1024K, 0 young (0K), 0 survivors (0K)
 Metaspace       used 86339K, capacity 93313K, committed 93568K, reserved 1130496K
  class space    used 11621K, capacity 12831K, committed 12928K, reserved 1048576K
}
Event: 1027.724 GC heap before
{Heap before GC invocations=276 (full 27):
 garbage-first heap   total 233472K, used 149056K [0x0000000700000000, 0x0000000700100720, 0x00000007c0000000)
  region size 1024K, 60 young (61440K), 0 survivors (0K)
 Metaspace       used 86355K, capacity 93313K, committed 93568K, reserved 1130496K
  class space    used 11621K, capacity 12831K, committed 12928K, reserved 1048576K
}
Event: 1027.726 GC heap after
{Heap after GC invocations=277 (full 27):
 garbage-first heap   total 233472K, used 88012K [0x0000000700000000, 0x0000000700100720, 0x00000007c0000000)
  region size 1024K, 1 young (1024K), 1 survivors (1024K)
 Metaspace       used 86355K, capacity 93313K, committed 93568K, reserved 1130496K
  class space    used 11621K, capacity 12831K, committed 12928K, reserved 1048576K
}
Event: 1028.107 GC heap before
{Heap before GC invocations=277 (full 27):
 garbage-first heap   total 233472K, used 148428K [0x0000000700000000, 0x0000000700100720, 0x00000007c0000000)
  region size 1024K, 60 young (61440K), 1 survivors (1024K)
 Metaspace       used 86361K, capacity 93313K, committed 93568K, reserved 1130496K
  class space    used 11621K, capacity 12831K, committed 12928K, reserved 1048576K
}
Event: 1028.108 GC heap after
{Heap after GC invocations=278 (full 27):
 garbage-first heap   total 233472K, used 87960K [0x0000000700000000, 0x0000000700100720, 0x00000007c0000000)
  region size 1024K, 1 young (1024K), 1 survivors (1024K)
 Metaspace       used 86361K, capacity 93313K, committed 93568K, reserved 1130496K
  class space    used 11621K, capacity 12831K, committed 12928K, reserved 1048576K
}

